[GIN-debug] [WARNING] Creating an Engine instance with the Logger and Recovery middleware already attached.

[GIN-debug] [WARNING] Running in "debug" mode. Switch to "release" mode in production.
 - using env:	export GIN_MODE=release
 - using code:	gin.SetMode(gin.ReleaseMode)

[GIN-debug] GET    /v1/users/                --> golangAPI/service.FindAllUsers (5 handlers)
[GIN-debug] GET    /v1/users/:id             --> golangAPI/service.FindByUserId (5 handlers)
[GIN-debug] POST   /v1/users/                --> golangAPI/service.PostUser (5 handlers)
[GIN-debug] DELETE /v1/users/:id             --> golangAPI/service.DeleteUser (5 handlers)
[GIN-debug] PUT    /v1/users/:id             --> golangAPI/service.PutUser (5 handlers)
[GIN-debug] POST   /v1/users/more            --> golangAPI/service.CreateUserList (5 handlers)
[GIN-debug] POST   /v1/users/login           --> golangAPI/service.LoginUser (5 handlers)
[GIN-debug] GET    /v1/users/testdb          --> golangAPI/service.TestDbGetUsers (5 handlers)
[GIN-debug] POST   /v1/users/testdb          --> golangAPI/service.TestDbPostUsers (5 handlers)
[GIN-debug] DELETE /v1/users/testdb/:id      --> golangAPI/service.TestDbDeleteUsers (5 handlers)
[GIN-debug] PUT    /v1/users/testdb/:id      --> golangAPI/service.TestDbPutUsers (5 handlers)
[GIN-debug] [WARNING] You trusted all proxies, this is NOT safe. We recommend you to set a value.
Please check https://pkg.go.dev/github.com/gin-gonic/gin#readme-don-t-trust-all-proxies for details.
[GIN-debug] Listening and serving HTTP on :8000
[GIN-debug] redirecting request 301: /v1/users/ --> /v1/users/
::1 - [2023-03-09 17:06:43.5838076 +0800 CST m=+8.576683401] GET /v1/users/ 200 
[GIN] 2023/03/09 - 17:06:43 | 200 |    148.9533ms |             ::1 | GET      "/v1/users/"
[GIN-debug] redirecting request 307: /v1/users/ --> /v1/users/
[GIN-debug] [WARNING] Headers were already written. Wanted to override status code 400 with 406
::1 - [2023-03-09 17:06:49.232265 +0800 CST m=+14.225140801] POST /v1/users/ 400 
[GIN] 2023/03/09 - 17:06:49 | 400 |      1.5824ms |             ::1 | POST     "/v1/users/"
[GIN-debug] redirecting request 307: /v1/users/ --> /v1/users/
[GIN-debug] [WARNING] Headers were already written. Wanted to override status code 400 with 406
::1 - [2023-03-09 17:06:50.3684643 +0800 CST m=+15.361340101] POST /v1/users/ 400 
[GIN] 2023/03/09 - 17:06:50 | 400 |       828.3µs |             ::1 | POST     "/v1/users/"
[GIN-debug] redirecting request 307: /v1/users/ --> /v1/users/
[GIN-debug] [WARNING] Headers were already written. Wanted to override status code 400 with 406
::1 - [2023-03-09 17:06:50.7884379 +0800 CST m=+15.781313701] POST /v1/users/ 400 
[GIN] 2023/03/09 - 17:06:50 | 400 |      1.5148ms |             ::1 | POST     "/v1/users/"
[GIN-debug] redirecting request 307: /v1/users/ --> /v1/users/
[GIN-debug] [WARNING] Headers were already written. Wanted to override status code 400 with 406
::1 - [2023-03-09 17:06:57.7688594 +0800 CST m=+22.761735201] POST /v1/users/ 400 
[GIN] 2023/03/09 - 17:06:57 | 400 |      1.8486ms |             ::1 | POST     "/v1/users/"
[GIN-debug] redirecting request 307: /v1/users/ --> /v1/users/
[GIN-debug] [WARNING] Headers were already written. Wanted to override status code 400 with 406
::1 - [2023-03-09 17:07:04.4050742 +0800 CST m=+29.397950001] POST /v1/users/ 400 
[GIN] 2023/03/09 - 17:07:04 | 400 |      1.0482ms |             ::1 | POST     "/v1/users/"
[GIN-debug] redirecting request 307: /v1/users/ --> /v1/users/
[GIN-debug] [WARNING] Headers were already written. Wanted to override status code 400 with 406
::1 - [2023-03-09 17:07:07.3677766 +0800 CST m=+32.360652401] POST /v1/users/ 400 
[GIN] 2023/03/09 - 17:07:07 | 400 |      1.4047ms |             ::1 | POST     "/v1/users/"
